2021-03-17 13:13:12.658  INFO 17668 --- [restartedMain] t.c.GRMS.GoodsRecommendApplication       : Starting GoodsRecommendApplication using Java 1.8.0_271 on A06P-A90F129F with PID 17668 (E:\code\GoodsRecommend\target\classes started by baihaiyu in E:\code\GoodsRecommend)
2021-03-17 13:13:12.659  INFO 17668 --- [restartedMain] t.c.GRMS.GoodsRecommendApplication       : No active profile set, falling back to default profiles: default
2021-03-17 13:13:13.504  WARN 17668 --- [restartedMain] o.m.s.mapper.ClassPathMapperScanner      : No MyBatis mapper was found in '[top.cyanide.GRMS]' package. Please check your configuration.
2021-03-17 13:13:13.801  INFO 17668 --- [restartedMain] o.s.b.w.embedded.tomcat.TomcatWebServer  : Tomcat initialized with port(s): 8888 (http)
2021-03-17 13:13:13.803  INFO 17668 --- [restartedMain] o.apache.catalina.core.StandardService   : Starting service [Tomcat]
2021-03-17 13:13:13.804  INFO 17668 --- [restartedMain] org.apache.catalina.core.StandardEngine  : Starting Servlet engine: [Apache Tomcat/9.0.43]
2021-03-17 13:13:13.984  INFO 17668 --- [restartedMain] o.a.c.c.C.[Tomcat-2].[localhost].[/]     : Initializing Spring embedded WebApplicationContext
2021-03-17 13:13:13.984  INFO 17668 --- [restartedMain] w.s.c.ServletWebServerApplicationContext : Root WebApplicationContext: initialization completed in 1323 ms
2021-03-17 13:13:14.227  INFO 17668 --- [restartedMain] o.s.s.concurrent.ThreadPoolTaskExecutor  : Initializing ExecutorService 'applicationTaskExecutor'
2021-03-17 13:13:14.245  INFO 17668 --- [restartedMain] o.s.b.d.a.OptionalLiveReloadServer       : LiveReload server is running on port 35729
2021-03-17 13:13:14.325  WARN 17668 --- [restartedMain] ConfigServletWebServerApplicationContext : Exception encountered during context initialization - cancelling refresh attempt: org.springframework.beans.factory.BeanCreationException: Error creating bean with name 'dataSource' defined in class path resource [org/springframework/boot/autoconfigure/jdbc/DataSourceConfiguration$Hikari.class]: Initialization of bean failed; nested exception is org.springframework.beans.factory.BeanCreationException: Error creating bean with name 'org.springframework.boot.autoconfigure.jdbc.DataSourceInitializerInvoker': Invocation of init method failed; nested exception is org.springframework.boot.context.properties.source.InvalidConfigurationPropertyValueException: Property spring.datasource.schema with value 'class path resource [grms.web.sql]' is invalid: The specified resource does not exist.
2021-03-17 13:13:14.326  INFO 17668 --- [restartedMain] o.s.s.concurrent.ThreadPoolTaskExecutor  : Shutting down ExecutorService 'applicationTaskExecutor'
2021-03-17 13:13:14.327  INFO 17668 --- [restartedMain] o.apache.catalina.core.StandardService   : Stopping service [Tomcat]
2021-03-17 13:13:14.332  INFO 17668 --- [restartedMain] ConditionEvaluationReportLoggingListener : 

Error starting ApplicationContext. To display the conditions report re-run your application with 'debug' enabled.
2021-03-17 13:13:14.337 ERROR 17668 --- [restartedMain] o.s.b.d.LoggingFailureAnalysisReporter   : 

***************************
APPLICATION FAILED TO START
***************************

Description:

Invalid value 'classpath:grms.web.sql' for configuration property 'spring.datasource.schema' (originating from 'class path resource [application.properties] - 13:26'). Validation failed for the following reason:

The specified resource does not exist.

Action:

Review the value of the property with the provided reason.

